[2022-03-02 18:11:37] development.ERROR: October\Rain\Exception\SystemException: Class name is not registered for the component "DocsMenu". Check the component plugin. in C:\Disk\webwork\october\modules\cms\classes\ComponentManager.php:204
Stack trace:
#0 C:\Disk\webwork\october\modules\cms\classes\Controller.php(1431): Cms\Classes\ComponentManager->makeComponent()
#1 C:\Disk\webwork\october\modules\cms\classes\Controller.php(653): Cms\Classes\Controller->addComponent()
#2 C:\Disk\webwork\october\modules\cms\classes\Controller.php(334): Cms\Classes\Controller->initComponents()
#3 C:\Disk\webwork\october\modules\cms\classes\Controller.php(225): Cms\Classes\Controller->runPage()
#4 C:\Disk\webwork\october\modules\cms\classes\CmsController.php(50): Cms\Classes\Controller->run()
#5 C:\Disk\webwork\october\vendor\laravel\framework\src\Illuminate\Routing\Controller.php(54): Cms\Classes\CmsController->run()
#6 C:\Disk\webwork\october\vendor\laravel\framework\src\Illuminate\Routing\ControllerDispatcher.php(45): Illuminate\Routing\Controller->callAction()
#7 C:\Disk\webwork\october\vendor\laravel\framework\src\Illuminate\Routing\Route.php(219): Illuminate\Routing\ControllerDispatcher->dispatch()
#8 C:\Disk\webwork\october\vendor\laravel\framework\src\Illuminate\Routing\Route.php(176): Illuminate\Routing\Route->runController()
#9 C:\Disk\webwork\october\vendor\laravel\framework\src\Illuminate\Routing\Router.php(681): Illuminate\Routing\Route->run()
#10 C:\Disk\webwork\october\vendor\laravel\framework\src\Illuminate\Pipeline\Pipeline.php(130): Illuminate\Routing\Router->Illuminate\Routing\{closure}()
#11 C:\Disk\webwork\october\vendor\laravel\framework\src\Illuminate\Routing\Middleware\SubstituteBindings.php(41): Illuminate\Pipeline\Pipeline->Illuminate\Pipeline\{closure}()
#12 C:\Disk\webwork\october\vendor\laravel\framework\src\Illuminate\Pipeline\Pipeline.php(171): Illuminate\Routing\Middleware\SubstituteBindings->handle()
#13 C:\Disk\webwork\october\vendor\laravel\framework\src\Illuminate\View\Middleware\ShareErrorsFromSession.php(49): Illuminate\Pipeline\Pipeline->Illuminate\Pipeline\{closure}()
#14 C:\Disk\webwork\october\vendor\laravel\framework\src\Illuminate\Pipeline\Pipeline.php(171): Illuminate\View\Middleware\ShareErrorsFromSession->handle()
#15 C:\Disk\webwork\october\vendor\laravel\framework\src\Illuminate\Session\Middleware\StartSession.php(56): Illuminate\Pipeline\Pipeline->Illuminate\Pipeline\{closure}()
#16 C:\Disk\webwork\october\vendor\laravel\framework\src\Illuminate\Pipeline\Pipeline.php(171): Illuminate\Session\Middleware\StartSession->handle()
#17 C:\Disk\webwork\october\vendor\laravel\framework\src\Illuminate\Cookie\Middleware\AddQueuedCookiesToResponse.php(37): Illuminate\Pipeline\Pipeline->Illuminate\Pipeline\{closure}()
#18 C:\Disk\webwork\october\vendor\laravel\framework\src\Illuminate\Pipeline\Pipeline.php(171): Illuminate\Cookie\Middleware\AddQueuedCookiesToResponse->handle()
#19 C:\Disk\webwork\october\vendor\laravel\framework\src\Illuminate\Cookie\Middleware\EncryptCookies.php(67): Illuminate\Pipeline\Pipeline->Illuminate\Pipeline\{closure}()
#20 C:\Disk\webwork\october\vendor\laravel\framework\src\Illuminate\Pipeline\Pipeline.php(171): Illuminate\Cookie\Middleware\EncryptCookies->handle()
#21 C:\Disk\webwork\october\vendor\laravel\framework\src\Illuminate\Pipeline\Pipeline.php(105): Illuminate\Pipeline\Pipeline->Illuminate\Pipeline\{closure}()
#22 C:\Disk\webwork\october\vendor\laravel\framework\src\Illuminate\Routing\Router.php(683): Illuminate\Pipeline\Pipeline->then()
#23 C:\Disk\webwork\october\vendor\laravel\framework\src\Illuminate\Routing\Router.php(658): Illuminate\Routing\Router->runRouteWithinStack()
#24 C:\Disk\webwork\october\vendor\laravel\framework\src\Illuminate\Routing\Router.php(624): Illuminate\Routing\Router->runRoute()
#25 C:\Disk\webwork\october\vendor\october\rain\src\Router\CoreRouter.php(20): Illuminate\Routing\Router->dispatchToRoute()
#26 C:\Disk\webwork\october\vendor\laravel\framework\src\Illuminate\Foundation\Http\Kernel.php(170): October\Rain\Router\CoreRouter->dispatch()
#27 C:\Disk\webwork\october\vendor\laravel\framework\src\Illuminate\Pipeline\Pipeline.php(130): Illuminate\Foundation\Http\Kernel->Illuminate\Foundation\Http\{closure}()
#28 C:\Disk\webwork\october\vendor\laravel\framework\src\Illuminate\Foundation\Http\Middleware\CheckForMaintenanceMode.php(63): Illuminate\Pipeline\Pipeline->Illuminate\Pipeline\{closure}()
#29 C:\Disk\webwork\october\vendor\october\rain\src\Foundation\Http\Middleware\CheckForMaintenanceMode.php(25): Illuminate\Foundation\Http\Middleware\CheckForMaintenanceMode->handle()
#30 C:\Disk\webwork\october\vendor\laravel\framework\src\Illuminate\Pipeline\Pipeline.php(171): October\Rain\Foundation\Http\Middleware\CheckForMaintenanceMode->handle()
#31 C:\Disk\webwork\october\vendor\october\rain\src\Http\Middleware\TrustHosts.php(46): Illuminate\Pipeline\Pipeline->Illuminate\Pipeline\{closure}()
#32 C:\Disk\webwork\october\vendor\laravel\framework\src\Illuminate\Pipeline\Pipeline.php(171): October\Rain\Http\Middleware\TrustHosts->handle()
#33 C:\Disk\webwork\october\vendor\laravel\framework\src\Illuminate\Pipeline\Pipeline.php(105): Illuminate\Pipeline\Pipeline->Illuminate\Pipeline\{closure}()
#34 C:\Disk\webwork\october\vendor\laravel\framework\src\Illuminate\Foundation\Http\Kernel.php(145): Illuminate\Pipeline\Pipeline->then()
#35 C:\Disk\webwork\october\vendor\laravel\framework\src\Illuminate\Foundation\Http\Kernel.php(110): Illuminate\Foundation\Http\Kernel->sendRequestThroughRouter()
#36 C:\Disk\webwork\october\index.php(43): Illuminate\Foundation\Http\Kernel->handle()
#37 {main}  
